INFO:root:程序正常运行中
INFO:root:成功访问到网站
INFO:root:成功访问到网站
INFO:root:成功访问到网站
INFO:root:成功访问到网站
INFO:root:成功访问到网站
INFO:root:成功访问到网站
INFO:root:成功访问到网站
INFO:root:成功访问到网站
INFO:root:成功写入文件
INFO:root:成功完成，等待10秒下一个
INFO:root:成功访问到网站
INFO:root:成功访问到网站
INFO:root:成功访问到网站
INFO:root:成功访问到网站
INFO:root:成功访问到网站
INFO:root:成功访问到网站
INFO:root:成功访问到网站
INFO:root:成功访问到网站
INFO:root:成功写入文件
ERROR:root:程序错误
INFO:root:程序正常运行中
INFO:root:成功访问到网站
INFO:root:成功访问到网站
INFO:root:成功访问到网站
INFO:root:成功访问到网站
INFO:root:成功访问到网站
INFO:root:成功访问到网站
INFO:root:成功访问到网站
INFO:root:成功访问到网站
INFO:root:成功写入文件
ERROR:root:程序错误
INFO:root:程序正常运行中
INFO:root:成功访问到网站
INFO:root:成功访问到网站
INFO:root:成功访问到网站
INFO:root:成功访问到网站
INFO:root:成功访问到网站
INFO:root:成功访问到网站
INFO:root:成功访问到网站
INFO:root:成功访问到网站
INFO:root:成功写入文件
INFO:root:成功完成，等待10秒下一个
INFO:root:成功访问到网站
INFO:root:成功访问到网站
INFO:root:成功访问到网站
INFO:root:成功访问到网站
INFO:root:成功访问到网站
INFO:root:成功访问到网站
INFO:root:成功访问到网站
INFO:root:成功访问到网站
INFO:root:成功写入文件
INFO:root:程序正常运行中
INFO:root:成功访问到网站
INFO:root:成功访问到网站
INFO:root:成功访问到网站
INFO:root:成功访问到网站
INFO:root:成功访问到网站
INFO:root:成功访问到网站
INFO:root:成功访问到网站
INFO:root:成功访问到网站
INFO:root:成功写入文件
INFO:root:程序正常运行中
INFO:root:成功访问到网站
INFO:root:成功访问到网站
INFO:root:成功访问到网站
INFO:root:成功访问到网站
INFO:root:成功访问到网站
INFO:root:成功访问到网站
INFO:root:成功访问到网站
INFO:root:成功访问到网站
INFO:root:成功写入文件
INFO:root:成功完成，等待10秒下一个
INFO:root:成功访问到网站
INFO:root:成功访问到网站
INFO:root:成功访问到网站
INFO:root:成功访问到网站
INFO:root:成功访问到网站
INFO:root:成功访问到网站
INFO:root:成功访问到网站
INFO:root:成功访问到网站
INFO:root:成功写入文件
